Level: Info
Message: DisplayVresionUpdatePage() sw3DPrintConnector undefined
Source: file:///C:/Users/m4kat/AppData/Local/Temp/swcachedir/SWMarketplaceAddin/SWVersionUpdate.html?updateRequired=True&mandatory=False&newVersion=6.31.3024
Line: 181
-----------------------
Level: Info
Message: caches 3DCompass-service deleted
Source: file:///C:/Users/m4kat/AppData/Local/Temp/swcachedir/SWMarketplaceAddin/SWVersionUpdate.html?updateRequired=True&mandatory=False&newVersion=6.31.3024
Line: 1
-----------------------
Level: Info
Message: DisplayVresionUpdatePage() sw3DPrintConnector undefined
Source: file:///C:/Users/m4kat/AppData/Local/Temp/swcachedir/SWMarketplaceAddin/SWVersionUpdate.html?updateRequired=True&mandatory=False&newVersion=6.31.3024
Line: 181
-----------------------
Level: Info
Message: caches 3DCompass-service deleted
Source: file:///C:/Users/m4kat/AppData/Local/Temp/swcachedir/SWMarketplaceAddin/SWVersionUpdate.html?updateRequired=True&mandatory=False&newVersion=6.31.3024
Line: 1
-----------------------
